E:\MY SHARED DOCUMENTS\TEMPLE 2015\CIS 3207\LAM_LAB3\MUTEX-PRODUCER-CONSUMER\SOURCE_WIN32\PRODUCER-CONSUMER-MONITOR\PRODUCER-CONSUMER-MONITOR\DEBUG\PRODUCER-CONSUMER-MONITOR.PCH
E:\MY SHARED DOCUMENTS\TEMPLE 2015\CIS 3207\LAM_LAB3\MUTEX-PRODUCER-CONSUMER\SOURCE_WIN32\PRODUCER-CONSUMER-MONITOR\PRODUCER-CONSUMER-MONITOR\DEBUG\STDAFX.OBJ
E:\MY SHARED DOCUMENTS\TEMPLE 2015\CIS 3207\LAM_LAB3\MUTEX-PRODUCER-CONSUMER\SOURCE_WIN32\PRODUCER-CONSUMER-MONITOR\PRODUCER-CONSUMER-MONITOR\DEBUG\VC110.PDB
E:\MY SHARED DOCUMENTS\TEMPLE 2015\CIS 3207\LAM_LAB3\MUTEX-PRODUCER-CONSUMER\SOURCE_WIN32\PRODUCER-CONSUMER-MONITOR\PRODUCER-CONSUMER-MONITOR\DEBUG\PRODUCER-CONSUMER-MONITOR.OBJ
E:\MY SHARED DOCUMENTS\TEMPLE 2015\CIS 3207\LAM_LAB3\MUTEX-PRODUCER-CONSUMER\SOURCE_WIN32\PRODUCER-CONSUMER-MONITOR\PRODUCER-CONSUMER-MONITOR\DEBUG\SOURCE.OBJ
E:\MY SHARED DOCUMENTS\TEMPLE 2015\CIS 3207\LAM_LAB3\MUTEX-PRODUCER-CONSUMER\SOURCE_WIN32\PRODUCER-CONSUMER-MONITOR\DEBUG\PRODUCER-CONSUMER-MONITOR.ILK
E:\MY SHARED DOCUMENTS\TEMPLE 2015\CIS 3207\LAM_LAB3\MUTEX-PRODUCER-CONSUMER\SOURCE_WIN32\PRODUCER-CONSUMER-MONITOR\DEBUG\PRODUCER-CONSUMER-MONITOR.EXE
E:\MY SHARED DOCUMENTS\TEMPLE 2015\CIS 3207\LAM_LAB3\MUTEX-PRODUCER-CONSUMER\SOURCE_WIN32\PRODUCER-CONSUMER-MONITOR\DEBUG\PRODUCER-CONSUMER-MONITOR.PDB
E:\My Shared Documents\Temple 2015\cis 3207\Lam_lab3\mutex-producer-consumer\Source_win32\producer-consumer-monitor\producer-consumer-monitor\Debug\producer-consumer-monitor.obj
E:\My Shared Documents\Temple 2015\cis 3207\Lam_lab3\mutex-producer-consumer\Source_win32\producer-consumer-monitor\producer-consumer-monitor\Debug\Source.obj
E:\My Shared Documents\Temple 2015\cis 3207\Lam_lab3\mutex-producer-consumer\Source_win32\producer-consumer-monitor\producer-consumer-monitor\Debug\stdafx.obj
E:\My Shared Documents\Temple 2015\cis 3207\Lam_lab3\mutex-producer-consumer\Source_win32\producer-consumer-monitor\producer-consumer-monitor\Debug\cl.command.1.tlog
E:\My Shared Documents\Temple 2015\cis 3207\Lam_lab3\mutex-producer-consumer\Source_win32\producer-consumer-monitor\producer-consumer-monitor\Debug\CL.read.1.tlog
E:\My Shared Documents\Temple 2015\cis 3207\Lam_lab3\mutex-producer-consumer\Source_win32\producer-consumer-monitor\producer-consumer-monitor\Debug\CL.write.1.tlog
E:\My Shared Documents\Temple 2015\cis 3207\Lam_lab3\mutex-producer-consumer\Source_win32\producer-consumer-monitor\producer-consumer-monitor\Debug\link-cvtres.read.1.tlog
E:\My Shared Documents\Temple 2015\cis 3207\Lam_lab3\mutex-producer-consumer\Source_win32\producer-consumer-monitor\producer-consumer-monitor\Debug\link-cvtres.write.1.tlog
E:\My Shared Documents\Temple 2015\cis 3207\Lam_lab3\mutex-producer-consumer\Source_win32\producer-consumer-monitor\producer-consumer-monitor\Debug\link-rc.read.1.tlog
E:\My Shared Documents\Temple 2015\cis 3207\Lam_lab3\mutex-producer-consumer\Source_win32\producer-consumer-monitor\producer-consumer-monitor\Debug\link-rc.write.1.tlog
E:\My Shared Documents\Temple 2015\cis 3207\Lam_lab3\mutex-producer-consumer\Source_win32\producer-consumer-monitor\producer-consumer-monitor\Debug\link.1244-cvtres.read.1.tlog
E:\My Shared Documents\Temple 2015\cis 3207\Lam_lab3\mutex-producer-consumer\Source_win32\producer-consumer-monitor\producer-consumer-monitor\Debug\link.1244-cvtres.write.1.tlog
E:\My Shared Documents\Temple 2015\cis 3207\Lam_lab3\mutex-producer-consumer\Source_win32\producer-consumer-monitor\producer-consumer-monitor\Debug\link.1244-rc.read.1.tlog
E:\My Shared Documents\Temple 2015\cis 3207\Lam_lab3\mutex-producer-consumer\Source_win32\producer-consumer-monitor\producer-consumer-monitor\Debug\link.1244-rc.write.1.tlog
E:\My Shared Documents\Temple 2015\cis 3207\Lam_lab3\mutex-producer-consumer\Source_win32\producer-consumer-monitor\producer-consumer-monitor\Debug\link.1244.read.1.tlog
E:\My Shared Documents\Temple 2015\cis 3207\Lam_lab3\mutex-producer-consumer\Source_win32\producer-consumer-monitor\producer-consumer-monitor\Debug\link.1244.write.1.tlog
E:\My Shared Documents\Temple 2015\cis 3207\Lam_lab3\mutex-producer-consumer\Source_win32\producer-consumer-monitor\producer-consumer-monitor\Debug\link.1616-cvtres.read.1.tlog
E:\My Shared Documents\Temple 2015\cis 3207\Lam_lab3\mutex-producer-consumer\Source_win32\producer-consumer-monitor\producer-consumer-monitor\Debug\link.1616-cvtres.write.1.tlog
E:\My Shared Documents\Temple 2015\cis 3207\Lam_lab3\mutex-producer-consumer\Source_win32\producer-consumer-monitor\producer-consumer-monitor\Debug\link.1616-rc.read.1.tlog
E:\My Shared Documents\Temple 2015\cis 3207\Lam_lab3\mutex-producer-consumer\Source_win32\producer-consumer-monitor\producer-consumer-monitor\Debug\link.1616-rc.write.1.tlog
E:\My Shared Documents\Temple 2015\cis 3207\Lam_lab3\mutex-producer-consumer\Source_win32\producer-consumer-monitor\producer-consumer-monitor\Debug\link.1616.read.1.tlog
E:\My Shared Documents\Temple 2015\cis 3207\Lam_lab3\mutex-producer-consumer\Source_win32\producer-consumer-monitor\producer-consumer-monitor\Debug\link.1616.write.1.tlog
E:\My Shared Documents\Temple 2015\cis 3207\Lam_lab3\mutex-producer-consumer\Source_win32\producer-consumer-monitor\producer-consumer-monitor\Debug\link.2976-cvtres.read.1.tlog
E:\My Shared Documents\Temple 2015\cis 3207\Lam_lab3\mutex-producer-consumer\Source_win32\producer-consumer-monitor\producer-consumer-monitor\Debug\link.2976-cvtres.write.1.tlog
E:\My Shared Documents\Temple 2015\cis 3207\Lam_lab3\mutex-producer-consumer\Source_win32\producer-consumer-monitor\producer-consumer-monitor\Debug\link.2976-rc.read.1.tlog
E:\My Shared Documents\Temple 2015\cis 3207\Lam_lab3\mutex-producer-consumer\Source_win32\producer-consumer-monitor\producer-consumer-monitor\Debug\link.2976-rc.write.1.tlog
E:\My Shared Documents\Temple 2015\cis 3207\Lam_lab3\mutex-producer-consumer\Source_win32\producer-consumer-monitor\producer-consumer-monitor\Debug\link.2976.read.1.tlog
E:\My Shared Documents\Temple 2015\cis 3207\Lam_lab3\mutex-producer-consumer\Source_win32\producer-consumer-monitor\producer-consumer-monitor\Debug\link.2976.write.1.tlog
E:\My Shared Documents\Temple 2015\cis 3207\Lam_lab3\mutex-producer-consumer\Source_win32\producer-consumer-monitor\producer-consumer-monitor\Debug\link.4992-cvtres.read.1.tlog
E:\My Shared Documents\Temple 2015\cis 3207\Lam_lab3\mutex-producer-consumer\Source_win32\producer-consumer-monitor\producer-consumer-monitor\Debug\link.4992-cvtres.write.1.tlog
E:\My Shared Documents\Temple 2015\cis 3207\Lam_lab3\mutex-producer-consumer\Source_win32\producer-consumer-monitor\producer-consumer-monitor\Debug\link.4992-rc.read.1.tlog
E:\My Shared Documents\Temple 2015\cis 3207\Lam_lab3\mutex-producer-consumer\Source_win32\producer-consumer-monitor\producer-consumer-monitor\Debug\link.4992-rc.write.1.tlog
E:\My Shared Documents\Temple 2015\cis 3207\Lam_lab3\mutex-producer-consumer\Source_win32\producer-consumer-monitor\producer-consumer-monitor\Debug\link.4992.read.1.tlog
E:\My Shared Documents\Temple 2015\cis 3207\Lam_lab3\mutex-producer-consumer\Source_win32\producer-consumer-monitor\producer-consumer-monitor\Debug\link.4992.write.1.tlog
E:\My Shared Documents\Temple 2015\cis 3207\Lam_lab3\mutex-producer-consumer\Source_win32\producer-consumer-monitor\producer-consumer-monitor\Debug\link.5112-cvtres.read.1.tlog
E:\My Shared Documents\Temple 2015\cis 3207\Lam_lab3\mutex-producer-consumer\Source_win32\producer-consumer-monitor\producer-consumer-monitor\Debug\link.5112-cvtres.write.1.tlog
E:\My Shared Documents\Temple 2015\cis 3207\Lam_lab3\mutex-producer-consumer\Source_win32\producer-consumer-monitor\producer-consumer-monitor\Debug\link.5112-rc.read.1.tlog
E:\My Shared Documents\Temple 2015\cis 3207\Lam_lab3\mutex-producer-consumer\Source_win32\producer-consumer-monitor\producer-consumer-monitor\Debug\link.5112-rc.write.1.tlog
E:\My Shared Documents\Temple 2015\cis 3207\Lam_lab3\mutex-producer-consumer\Source_win32\producer-consumer-monitor\producer-consumer-monitor\Debug\link.5112.read.1.tlog
E:\My Shared Documents\Temple 2015\cis 3207\Lam_lab3\mutex-producer-consumer\Source_win32\producer-consumer-monitor\producer-consumer-monitor\Debug\link.5112.write.1.tlog
E:\My Shared Documents\Temple 2015\cis 3207\Lam_lab3\mutex-producer-consumer\Source_win32\producer-consumer-monitor\producer-consumer-monitor\Debug\link.5468-cvtres.read.1.tlog
E:\My Shared Documents\Temple 2015\cis 3207\Lam_lab3\mutex-producer-consumer\Source_win32\producer-consumer-monitor\producer-consumer-monitor\Debug\link.5468-cvtres.write.1.tlog
E:\My Shared Documents\Temple 2015\cis 3207\Lam_lab3\mutex-producer-consumer\Source_win32\producer-consumer-monitor\producer-consumer-monitor\Debug\link.5468-rc.read.1.tlog
E:\My Shared Documents\Temple 2015\cis 3207\Lam_lab3\mutex-producer-consumer\Source_win32\producer-consumer-monitor\producer-consumer-monitor\Debug\link.5468-rc.write.1.tlog
E:\My Shared Documents\Temple 2015\cis 3207\Lam_lab3\mutex-producer-consumer\Source_win32\producer-consumer-monitor\producer-consumer-monitor\Debug\link.5468.read.1.tlog
E:\My Shared Documents\Temple 2015\cis 3207\Lam_lab3\mutex-producer-consumer\Source_win32\producer-consumer-monitor\producer-consumer-monitor\Debug\link.5468.write.1.tlog
E:\My Shared Documents\Temple 2015\cis 3207\Lam_lab3\mutex-producer-consumer\Source_win32\producer-consumer-monitor\producer-consumer-monitor\Debug\link.6076-cvtres.read.1.tlog
E:\My Shared Documents\Temple 2015\cis 3207\Lam_lab3\mutex-producer-consumer\Source_win32\producer-consumer-monitor\producer-consumer-monitor\Debug\link.6076-cvtres.write.1.tlog
E:\My Shared Documents\Temple 2015\cis 3207\Lam_lab3\mutex-producer-consumer\Source_win32\producer-consumer-monitor\producer-consumer-monitor\Debug\link.6076-rc.read.1.tlog
E:\My Shared Documents\Temple 2015\cis 3207\Lam_lab3\mutex-producer-consumer\Source_win32\producer-consumer-monitor\producer-consumer-monitor\Debug\link.6076-rc.write.1.tlog
E:\My Shared Documents\Temple 2015\cis 3207\Lam_lab3\mutex-producer-consumer\Source_win32\producer-consumer-monitor\producer-consumer-monitor\Debug\link.6076.read.1.tlog
E:\My Shared Documents\Temple 2015\cis 3207\Lam_lab3\mutex-producer-consumer\Source_win32\producer-consumer-monitor\producer-consumer-monitor\Debug\link.6076.write.1.tlog
E:\My Shared Documents\Temple 2015\cis 3207\Lam_lab3\mutex-producer-consumer\Source_win32\producer-consumer-monitor\producer-consumer-monitor\Debug\link.6908-cvtres.read.1.tlog
E:\My Shared Documents\Temple 2015\cis 3207\Lam_lab3\mutex-producer-consumer\Source_win32\producer-consumer-monitor\producer-consumer-monitor\Debug\link.6908-cvtres.write.1.tlog
E:\My Shared Documents\Temple 2015\cis 3207\Lam_lab3\mutex-producer-consumer\Source_win32\producer-consumer-monitor\producer-consumer-monitor\Debug\link.6908-rc.read.1.tlog
E:\My Shared Documents\Temple 2015\cis 3207\Lam_lab3\mutex-producer-consumer\Source_win32\producer-consumer-monitor\producer-consumer-monitor\Debug\link.6908-rc.write.1.tlog
E:\My Shared Documents\Temple 2015\cis 3207\Lam_lab3\mutex-producer-consumer\Source_win32\producer-consumer-monitor\producer-consumer-monitor\Debug\link.6908.read.1.tlog
E:\My Shared Documents\Temple 2015\cis 3207\Lam_lab3\mutex-producer-consumer\Source_win32\producer-consumer-monitor\producer-consumer-monitor\Debug\link.6908.write.1.tlog
E:\My Shared Documents\Temple 2015\cis 3207\Lam_lab3\mutex-producer-consumer\Source_win32\producer-consumer-monitor\producer-consumer-monitor\Debug\link.command.1.tlog
E:\My Shared Documents\Temple 2015\cis 3207\Lam_lab3\mutex-producer-consumer\Source_win32\producer-consumer-monitor\producer-consumer-monitor\Debug\link.read.1.tlog
E:\My Shared Documents\Temple 2015\cis 3207\Lam_lab3\mutex-producer-consumer\Source_win32\producer-consumer-monitor\producer-consumer-monitor\Debug\link.write.1.tlog
E:\My Shared Documents\Temple 2015\cis 3207\Lam_lab3\mutex-producer-consumer\Source_win32\producer-consumer-monitor\producer-consumer-monitor\Debug\producer-consumer-monitor.pch
E:\My Shared Documents\Temple 2015\cis 3207\Lam_lab3\mutex-producer-consumer\Source_win32\producer-consumer-monitor\producer-consumer-monitor\Debug\vc110.idb
E:\My Shared Documents\Temple 2015\cis 3207\Lam_lab3\mutex-producer-consumer\Source_win32\producer-consumer-monitor\producer-consumer-monitor\Debug\vc110.pdb
E:\My Shared Documents\Temple 2015\cis 3207\Lam_lab3\mutex-producer-consumer\Source_win32\producer-consumer-monitor\Debug\producer-consumer-monitor.pdb
E:\My Shared Documents\Temple 2015\cis 3207\Lam_lab3\mutex-producer-consumer\Source_win32\producer-consumer-monitor\Debug\producer-consumer-monitor.exe
E:\My Shared Documents\Temple 2015\cis 3207\Lam_lab3\mutex-producer-consumer\Source_win32\producer-consumer-monitor\Debug\producer-consumer-monitor.ilk
