Build started 4/1/2015 2:50:06 PM.
     1>Project "E:\My Shared Documents\Temple 2015\cis 3207\Lam_lab3\mutex-producer-consumer\Source_win32\producer-consumer-monitor\producer-consumer-monitor\producer-consumer-monitor.vcxproj" on node 2 (Build target(s)).
     1>InitializeBuildStatus:
         Creating "Debug\producer-consumer-monitor.unsuccessfulbuild" because "AlwaysCreate" was specified.
       ClCompile:
         C:\Program Files\Microsoft Visual Studio 11.0\VC\bin\CL.exe /c /ZI /nologo /W3 /WX- /sdl /Od /Oy- /D WIN32 /D _DEBUG /D _CONSOLE /D _UNICODE /D UNICODE /Gm /EHsc /RTC1 /MDd /GS /fp:precise /Zc:wchar_t /Zc:forScope /Yc"stdafx.h" /Fp"Debug\producer-consumer-monitor.pch" /Fo"Debug\\" /Fd"Debug\vc110.pdb" /Gd /TP /analyze- /errorReport:prompt stdafx.cpp
         stdafx.cpp
         C:\Program Files\Microsoft Visual Studio 11.0\VC\bin\CL.exe /c /ZI /nologo /W3 /WX- /sdl /Od /Oy- /D WIN32 /D _DEBUG /D _CONSOLE /D _UNICODE /D UNICODE /Gm /EHsc /RTC1 /MDd /GS /fp:precise /Zc:wchar_t /Zc:forScope /Yu"stdafx.h" /Fp"Debug\producer-consumer-monitor.pch" /Fo"Debug\\" /Fd"Debug\vc110.pdb" /Gd /TP /analyze- /errorReport:prompt "producer-consumer-monitor.cpp"
         producer-consumer-monitor.cpp
     1>e:\my shared documents\temple 2015\cis 3207\lam_lab3\mutex-producer-consumer\source_win32\producer-consumer-monitor\producer-consumer-monitor\producer-consumer-monitor.cpp(148): warning C4244: 'argument' : conversion from 'time_t' to 'unsigned int', possible loss of data
       Link:
         C:\Program Files\Microsoft Visual Studio 11.0\VC\bin\link.exe /ERRORREPORT:PROMPT /OUT:"E:\My Shared Documents\Temple 2015\cis 3207\Lam_lab3\mutex-producer-consumer\Source_win32\producer-consumer-monitor\Debug\producer-consumer-monitor.exe" /INCREMENTAL /NOLOGO kernel32.lib user32.lib gdi32.lib winspool.lib comdlg32.lib advapi32.lib shell32.lib ole32.lib oleaut32.lib uuid.lib odbc32.lib odbccp32.lib /MANIFEST /MANIFESTUAC:"level='asInvoker' uiAccess='false'" /manifest:embed /DEBUG /PDB:"E:\My Shared Documents\Temple 2015\cis 3207\Lam_lab3\mutex-producer-consumer\Source_win32\producer-consumer-monitor\Debug\producer-consumer-monitor.pdb" /SUBSYSTEM:CONSOLE /TLBID:1 /DYNAMICBASE /NXCOMPAT /IMPLIB:"E:\My Shared Documents\Temple 2015\cis 3207\Lam_lab3\mutex-producer-consumer\Source_win32\producer-consumer-monitor\Debug\producer-consumer-monitor.lib" /MACHINE:X86 "Debug\producer-consumer-monitor.obj"
         Debug\stdafx.obj
         producer-consumer-monitor.vcxproj -> E:\My Shared Documents\Temple 2015\cis 3207\Lam_lab3\mutex-producer-consumer\Source_win32\producer-consumer-monitor\Debug\producer-consumer-monitor.exe
       FinalizeBuildStatus:
         Deleting file "Debug\producer-consumer-monitor.unsuccessfulbuild".
         Touching "Debug\producer-consumer-monitor.lastbuildstate".
     1>Done Building Project "E:\My Shared Documents\Temple 2015\cis 3207\Lam_lab3\mutex-producer-consumer\Source_win32\producer-consumer-monitor\producer-consumer-monitor\producer-consumer-monitor.vcxproj" (Build target(s)).

Build succeeded.

Time Elapsed 00:00:06.43
